Copyright 1986-2022 Xilinx, Inc. All Rights Reserved.
------------------------------------------------------------------------------------
| Tool Version : Vivado v.2022.2 (win64) Build 3671981 Fri Oct 14 05:00:03 MDT 2022
| Date         : Sun Jan 11 08:47:40 2026
| Host         : fpga running 64-bit major release  (build 9200)
| Command      : upgrade_ip
| Device       : xc7z020clg400-1
------------------------------------------------------------------------------------

Upgrade Log for IP 'design_1_nrd_0_7'

1. Summary
----------

SUCCESS in the conversion of design_1_nrd_0_7 (xilinx.com:user:nrd:1.0 (Rev. 9)) to Vivado generation flows.






Copyright 1986-2022 Xilinx, Inc. All Rights Reserved.
------------------------------------------------------------------------------------
| Tool Version : Vivado v.2022.2 (win64) Build 3671981 Fri Oct 14 05:00:03 MDT 2022
| Date         : Sun Jan 11 08:19:01 2026
| Host         : fpga running 64-bit major release  (build 9200)
| Command      : upgrade_ip
| Device       : xc7z020clg400-1
------------------------------------------------------------------------------------

Upgrade Log for IP 'design_1_nrd_0_6'

1. Summary
----------

SUCCESS in the conversion of design_1_nrd_0_6 (xilinx.com:user:nrd:1.0 (Rev. 7)) to Vivado generation flows.

